\BOOKMARK [1][-]{section.1}{\376\377\173\046\123\367\210\150}{}% 1
\BOOKMARK [2][-]{subsection.1.1}{\376\377\175\042\137\025\116\016\226\306\124\010}{section.1}% 2
\BOOKMARK [2][-]{subsection.1.2}{\376\377\121\263\173\126\123\330\221\317}{section.1}% 3
\BOOKMARK [3][-]{subsubsection.1.2.1}{\376\377\145\057\215\357\123\330\221\317}{subsection.1.2}% 4
\BOOKMARK [3][-]{subsubsection.1.2.2}{\376\377\202\202\160\271\123\330\221\317}{subsection.1.2}% 5
\BOOKMARK [3][-]{subsubsection.1.2.3}{\376\377\123\321\165\065\147\072\123\330\221\317}{subsection.1.2}% 6
\BOOKMARK [3][-]{subsubsection.1.2.4}{\376\377\123\357\214\003\215\037\203\167\123\330\221\317}{subsection.1.2}% 7
\BOOKMARK [2][-]{subsection.1.3}{\376\377\177\121\176\334\123\302\145\160}{section.1}% 8
\BOOKMARK [2][-]{subsection.1.4}{\376\377\225\045\217\330\123\237\166\370\121\163\173\046\123\367\377\010\173\054\0007\202\202\377\011}{section.1}% 9
\BOOKMARK [1][-]{section.2}{\376\377\117\030\123\026\152\041\127\213}{}% 10
\BOOKMARK [1][-]{section.3}{\376\377\121\263\173\126\123\330\221\317}{}% 11
\BOOKMARK [2][-]{subsection.3.1}{\376\377\145\057\215\357\123\330\221\317}{section.3}% 12
\BOOKMARK [2][-]{subsection.3.2}{\376\377\202\202\160\271\123\330\221\317}{section.3}% 13
\BOOKMARK [2][-]{subsection.3.3}{\376\377\123\321\165\065\147\072\123\330\221\317}{section.3}% 14
\BOOKMARK [2][-]{subsection.3.4}{\376\377\123\357\214\003\215\037\203\167\123\330\221\317}{section.3}% 15
\BOOKMARK [1][-]{section.4}{\376\377\127\372\116\216\145\271\124\021\122\162\166\204\225\045\217\330\123\237\145\271\154\325}{}% 16
\BOOKMARK [2][-]{subsection.4.1}{\376\377\225\356\230\230\200\314\146\157}{section.4}% 17
\BOOKMARK [2][-]{subsection.4.2}{\376\377\225\045\147\176\137\033\225\364\226\231\150\300\155\113}{section.4}% 18
\BOOKMARK [2][-]{subsection.4.3}{\376\377\127\372\116\216\145\271\124\021\166\204\225\045\217\330\123\237\145\271\154\325}{section.4}% 19
\BOOKMARK [3][-]{subsubsection.4.3.1}{\376\377\000C\000a\000u\000c\000h\000y\000-\000S\000c\000h\000w\000a\000r\000z\000\040\116\015\173\111\137\017}{subsection.4.3}% 20
\BOOKMARK [3][-]{subsubsection.4.3.2}{\376\377\145\271\124\021\122\162\176\246\147\137}{subsection.4.3}% 21
\BOOKMARK [2][-]{subsection.4.4}{\376\377\173\227\154\325\117\052\116\343\170\001}{section.4}% 22
\BOOKMARK [2][-]{subsection.4.5}{\376\377\173\227\154\325\131\015\147\102\136\246\122\006\147\220}{section.4}% 23
\BOOKMARK [1][-]{section.5}{\376\377\152\041\127\213\162\171\160\271\377\010\117\356\213\242\377\011}{}% 24
